This file contains any messages produced by compilers while
running configure, to aid debugging if configure makes a mistake.

It was created by libstatgrab configure 0.17, which was
generated by GNU Autoconf 2.61.  Invocation command line was

  $ ./configure 

## --------- ##
## Platform. ##
## --------- ##

hostname = ercostexpa-21
uname -m = x86_64
uname -r = 3.19.0-66-generic
uname -s = Linux
uname -v = #74~14.04.1-Ubuntu SMP Tue Jul 19 19:56:11 UTC 2016

/usr/bin/uname -p = unknown
/bin/uname -X     = unknown

/bin/arch              = unknown
/usr/bin/arch -k       = unknown
/usr/convex/getsysinfo = unknown
/usr/bin/hostinfo      = unknown
/bin/machine           = unknown
/usr/bin/oslevel       = unknown
/bin/universe          = unknown

PATH: /usr/local/sbin
PATH: /usr/local/bin
PATH: /usr/sbin
PATH: /usr/bin
PATH: /sbin
PATH: /bin
PATH: /usr/games
PATH: /usr/local/games
PATH: /home/ubuntu/go/bin


## ----------- ##
## Core tests. ##
## ----------- ##

configure:2012: checking for a BSD-compatible install
configure:2068: result: /usr/bin/install -c
configure:2079: checking whether build environment is sane
configure:2122: result: yes
configure:2150: checking for a thread-safe mkdir -p
configure:2189: result: /bin/mkdir -p
configure:2202: checking for gawk
configure:2218: found /usr/bin/gawk
configure:2229: result: gawk
configure:2240: checking whether make sets $(MAKE)
configure:2261: result: yes
configure:2509: checking for gcc
configure:2525: found /usr/bin/gcc
configure:2536: result: gcc
configure:2774: checking for C compiler version
configure:2781: gcc --version >&5
gcc (Ubuntu 4.8.4-2ubuntu1~14.04.3) 4.8.4
Copyright (C) 2013 Free Software Foundation, Inc.
This is free software; see the source for copying conditions.  There is NO
warranty; not even for MERCHANTABILITY or FITNESS FOR A PARTICULAR PURPOSE.

configure:2784: $? = 0
configure:2791: gcc -v >&5
Using built-in specs.
COLLECT_GCC=gcc
COLLECT_LTO_WRAPPER=/usr/lib/gcc/x86_64-linux-gnu/4.8/lto-wrapper
Target: x86_64-linux-gnu
Configured with: ../src/configure -v --with-pkgversion='Ubuntu 4.8.4-2ubuntu1~14.04.3' --with-bugurl=file:///usr/share/doc/gcc-4.8/README.Bugs --enable-languages=c,c++,java,go,d,fortran,objc,obj-c++ --prefix=/usr --program-suffix=-4.8 --enable-shared --enable-linker-build-id --libexecdir=/usr/lib --without-included-gettext --enable-threads=posix --with-gxx-include-dir=/usr/include/c++/4.8 --libdir=/usr/lib --enable-nls --with-sysroot=/ --enable-clocale=gnu --enable-libstdcxx-debug --enable-libstdcxx-time=yes --enable-gnu-unique-object --disable-libmudflap --enable-plugin --with-system-zlib --disable-browser-plugin --enable-java-awt=gtk --enable-gtk-cairo --with-java-home=/usr/lib/jvm/java-1.5.0-gcj-4.8-amd64/jre --enable-java-home --with-jvm-root-dir=/usr/lib/jvm/java-1.5.0-gcj-4.8-amd64 --with-jvm-jar-dir=/usr/lib/jvm-exports/java-1.5.0-gcj-4.8-amd64 --with-arch-directory=amd64 --with-ecj-jar=/usr/share/java/eclipse-ecj.jar --enable-objc-gc --enable-multiarch --disable-werror --with-arch-32=i686 --with-abi=m64 --with-multilib-list=m32,m64,mx32 --with-tune=generic --enable-checking=release --build=x86_64-linux-gnu --host=x86_64-linux-gnu --target=x86_64-linux-gnu
Thread model: posix
gcc version 4.8.4 (Ubuntu 4.8.4-2ubuntu1~14.04.3) 
configure:2794: $? = 0
configure:2801: gcc -V >&5
gcc: error: unrecognized command line option '-V'
gcc: fatal error: no input files
compilation terminated.
configure:2804: $? = 4
configure:2827: checking for C compiler default output file name
configure:2854: gcc    conftest.c  >&5
configure:2857: $? = 0
configure:2895: result: a.out
configure:2912: checking whether the C compiler works
configure:2922: ./a.out
configure:2925: $? = 0
configure:2942: result: yes
configure:2949: checking whether we are cross compiling
configure:2951: result: no
configure:2954: checking for suffix of executables
configure:2961: gcc -o conftest    conftest.c  >&5
configure:2964: $? = 0
configure:2988: result: 
configure:2994: checking for suffix of object files
configure:3020: gcc -c   conftest.c >&5
configure:3023: $? = 0
configure:3046: result: o
configure:3050: checking whether we are using the GNU C compiler
configure:3079: gcc -c   conftest.c >&5
configure:3085: $? = 0
configure:3102: result: yes
configure:3107: checking whether gcc accepts -g
configure:3137: gcc -c -g  conftest.c >&5
configure:3143: $? = 0
configure:3242: result: yes
configure:3259: checking for gcc option to accept ISO C89
configure:3333: gcc  -c -g -O2  conftest.c >&5
configure:3339: $? = 0
configure:3362: result: none needed
configure:3391: checking for style of include used by make
configure:3419: result: GNU
configure:3444: checking dependency style of gcc
configure:3535: result: gcc3
configure:3563: checking for a BSD-compatible install
configure:3619: result: /usr/bin/install -c
configure:3708: checking build system type
configure:3726: result: x86_64-unknown-linux-gnu
configure:3748: checking host system type
configure:3763: result: x86_64-unknown-linux-gnu
configure:3785: checking for a sed that does not truncate output
configure:3841: result: /bin/sed
configure:3844: checking for grep that handles long lines and -e
configure:3918: result: /bin/grep
configure:3923: checking for egrep
configure:4001: result: /bin/grep -E
configure:4017: checking for ld used by gcc
configure:4084: result: /usr/bin/ld
configure:4093: checking if the linker (/usr/bin/ld) is GNU ld
configure:4108: result: yes
configure:4113: checking for /usr/bin/ld option to reload object files
configure:4120: result: -r
configure:4138: checking for BSD-compatible nm
configure:4187: result: /usr/bin/nm -B
configure:4191: checking whether ln -s works
configure:4195: result: yes
configure:4202: checking how to recognize dependent libraries
configure:4388: result: pass_all
configure:4477: gcc -c -g -O2  conftest.c >&5
configure:4480: $? = 0
configure:4633: checking how to run the C preprocessor
configure:4673: gcc -E  conftest.c
configure:4679: $? = 0
configure:4710: gcc -E  conftest.c
conftest.c:10:28: fatal error: ac_nonexistent.h: No such file or directory
 #include <ac_nonexistent.h>
                            ^
compilation terminated.
configure:4716: $? = 1
configure: failed program was:
| /* confdefs.h.  */
| #define PACKAGE_NAME "libstatgrab"
| #define PACKAGE_TARNAME "libstatgrab"
| #define PACKAGE_VERSION "0.17"
| #define PACKAGE_STRING "libstatgrab 0.17"
| #define PACKAGE_BUGREPORT "bugs@i-scream.org"
| #define PACKAGE "libstatgrab"
| #define VERSION "0.17"
| /* end confdefs.h.  */
| #include <ac_nonexistent.h>
configure:4749: result: gcc -E
configure:4778: gcc -E  conftest.c
configure:4784: $? = 0
configure:4815: gcc -E  conftest.c
conftest.c:10:28: fatal error: ac_nonexistent.h: No such file or directory
 #include <ac_nonexistent.h>
                            ^
compilation terminated.
configure:4821: $? = 1
configure: failed program was:
| /* confdefs.h.  */
| #define PACKAGE_NAME "libstatgrab"
| #define PACKAGE_TARNAME "libstatgrab"
| #define PACKAGE_VERSION "0.17"
| #define PACKAGE_STRING "libstatgrab 0.17"
| #define PACKAGE_BUGREPORT "bugs@i-scream.org"
| #define PACKAGE "libstatgrab"
| #define VERSION "0.17"
| /* end confdefs.h.  */
| #include <ac_nonexistent.h>
configure:4859: checking for ANSI C header files
configure:4889: gcc -c -g -O2  conftest.c >&5
configure:4895: $? = 0
configure:4994: gcc -o conftest -g -O2   conftest.c  >&5
configure:4997: $? = 0
configure:5003: ./conftest
configure:5006: $? = 0
configure:5023: result: yes
configure:5047: checking for sys/types.h
configure:5068: gcc -c -g -O2  conftest.c >&5
configure:5074: $? = 0
configure:5090: result: yes
configure:5047: checking for sys/stat.h
configure:5068: gcc -c -g -O2  conftest.c >&5
configure:5074: $? = 0
configure:5090: result: yes
configure:5047: checking for stdlib.h
configure:5068: gcc -c -g -O2  conftest.c >&5
configure:5074: $? = 0
configure:5090: result: yes
configure:5047: checking for string.h
configure:5068: gcc -c -g -O2  conftest.c >&5
configure:5074: $? = 0
configure:5090: result: yes
configure:5047: checking for memory.h
configure:5068: gcc -c -g -O2  conftest.c >&5
configure:5074: $? = 0
configure:5090: result: yes
configure:5047: checking for strings.h
configure:5068: gcc -c -g -O2  conftest.c >&5
configure:5074: $? = 0
configure:5090: result: yes
configure:5047: checking for inttypes.h
configure:5068: gcc -c -g -O2  conftest.c >&5
configure:5074: $? = 0
configure:5090: result: yes
configure:5047: checking for stdint.h
configure:5068: gcc -c -g -O2  conftest.c >&5
configure:5074: $? = 0
configure:5090: result: yes
configure:5047: checking for unistd.h
configure:5068: gcc -c -g -O2  conftest.c >&5
configure:5074: $? = 0
configure:5090: result: yes
configure:5117: checking dlfcn.h usability
configure:5134: gcc -c -g -O2  conftest.c >&5
configure:5140: $? = 0
configure:5154: result: yes
configure:5158: checking dlfcn.h presence
configure:5173: gcc -E  conftest.c
configure:5179: $? = 0
configure:5193: result: yes
configure:5226: checking for dlfcn.h
configure:5234: result: yes
configure:5305: checking for g++
configure:5321: found /usr/bin/g++
configure:5332: result: g++
configure:5363: checking for C++ compiler version
configure:5370: g++ --version >&5
g++ (Ubuntu 4.8.4-2ubuntu1~14.04.3) 4.8.4
Copyright (C) 2013 Free Software Foundation, Inc.
This is free software; see the source for copying conditions.  There is NO
warranty; not even for MERCHANTABILITY or FITNESS FOR A PARTICULAR PURPOSE.

configure:5373: $? = 0
configure:5380: g++ -v >&5
Using built-in specs.
COLLECT_GCC=g++
COLLECT_LTO_WRAPPER=/usr/lib/gcc/x86_64-linux-gnu/4.8/lto-wrapper
Target: x86_64-linux-gnu
Configured with: ../src/configure -v --with-pkgversion='Ubuntu 4.8.4-2ubuntu1~14.04.3' --with-bugurl=file:///usr/share/doc/gcc-4.8/README.Bugs --enable-languages=c,c++,java,go,d,fortran,objc,obj-c++ --prefix=/usr --program-suffix=-4.8 --enable-shared --enable-linker-build-id --libexecdir=/usr/lib --without-included-gettext --enable-threads=posix --with-gxx-include-dir=/usr/include/c++/4.8 --libdir=/usr/lib --enable-nls --with-sysroot=/ --enable-clocale=gnu --enable-libstdcxx-debug --enable-libstdcxx-time=yes --enable-gnu-unique-object --disable-libmudflap --enable-plugin --with-system-zlib --disable-browser-plugin --enable-java-awt=gtk --enable-gtk-cairo --with-java-home=/usr/lib/jvm/java-1.5.0-gcj-4.8-amd64/jre --enable-java-home --with-jvm-root-dir=/usr/lib/jvm/java-1.5.0-gcj-4.8-amd64 --with-jvm-jar-dir=/usr/lib/jvm-exports/java-1.5.0-gcj-4.8-amd64 --with-arch-directory=amd64 --with-ecj-jar=/usr/share/java/eclipse-ecj.jar --enable-objc-gc --enable-multiarch --disable-werror --with-arch-32=i686 --with-abi=m64 --with-multilib-list=m32,m64,mx32 --with-tune=generic --enable-checking=release --build=x86_64-linux-gnu --host=x86_64-linux-gnu --target=x86_64-linux-gnu
Thread model: posix
gcc version 4.8.4 (Ubuntu 4.8.4-2ubuntu1~14.04.3) 
configure:5383: $? = 0
configure:5390: g++ -V >&5
g++: error: unrecognized command line option '-V'
g++: fatal error: no input files
compilation terminated.
configure:5393: $? = 4
configure:5396: checking whether we are using the GNU C++ compiler
configure:5425: g++ -c   conftest.cpp >&5
configure:5431: $? = 0
configure:5448: result: yes
configure:5453: checking whether g++ accepts -g
configure:5483: g++ -c -g  conftest.cpp >&5
configure:5489: $? = 0
configure:5588: result: yes
configure:5613: checking dependency style of g++
configure:5704: result: gcc3
configure:5729: checking how to run the C++ preprocessor
configure:5765: g++ -E  conftest.cpp
configure:5771: $? = 0
configure:5802: g++ -E  conftest.cpp
conftest.cpp:21:28: fatal error: ac_nonexistent.h: No such file or directory
 #include <ac_nonexistent.h>
                            ^
compilation terminated.
configure:5808: $? = 1
configure: failed program was:
| /* confdefs.h.  */
| #define PACKAGE_NAME "libstatgrab"
| #define PACKAGE_TARNAME "libstatgrab"
| #define PACKAGE_VERSION "0.17"
| #define PACKAGE_STRING "libstatgrab 0.17"
| #define PACKAGE_BUGREPORT "bugs@i-scream.org"
| #define PACKAGE "libstatgrab"
| #define VERSION "0.17"
| #define STDC_HEADERS 1
| #define HAVE_SYS_TYPES_H 1
| #define HAVE_SYS_STAT_H 1
| #define HAVE_STDLIB_H 1
| #define HAVE_STRING_H 1
| #define HAVE_MEMORY_H 1
| #define HAVE_STRINGS_H 1
| #define HAVE_INTTYPES_H 1
| #define HAVE_STDINT_H 1
| #define HAVE_UNISTD_H 1
| #define HAVE_DLFCN_H 1
| /* end confdefs.h.  */
| #include <ac_nonexistent.h>
configure:5841: result: g++ -E
configure:5870: g++ -E  conftest.cpp
configure:5876: $? = 0
configure:5907: g++ -E  conftest.cpp
conftest.cpp:21:28: fatal error: ac_nonexistent.h: No such file or directory
 #include <ac_nonexistent.h>
                            ^
compilation terminated.
configure:5913: $? = 1
configure: failed program was:
| /* confdefs.h.  */
| #define PACKAGE_NAME "libstatgrab"
| #define PACKAGE_TARNAME "libstatgrab"
| #define PACKAGE_VERSION "0.17"
| #define PACKAGE_STRING "libstatgrab 0.17"
| #define PACKAGE_BUGREPORT "bugs@i-scream.org"
| #define PACKAGE "libstatgrab"
| #define VERSION "0.17"
| #define STDC_HEADERS 1
| #define HAVE_SYS_TYPES_H 1
| #define HAVE_SYS_STAT_H 1
| #define HAVE_STDLIB_H 1
| #define HAVE_STRING_H 1
| #define HAVE_MEMORY_H 1
| #define HAVE_STRINGS_H 1
| #define HAVE_INTTYPES_H 1
| #define HAVE_STDINT_H 1
| #define HAVE_UNISTD_H 1
| #define HAVE_DLFCN_H 1
| /* end confdefs.h.  */
| #include <ac_nonexistent.h>
configure:6006: checking for g77
configure:6036: result: no
configure:6006: checking for xlf
configure:6036: result: no
configure:6006: checking for f77
configure:6036: result: no
configure:6006: checking for frt
configure:6036: result: no
configure:6006: checking for pgf77
configure:6036: result: no
configure:6006: checking for cf77
configure:6036: result: no
configure:6006: checking for fort77
configure:6036: result: no
configure:6006: checking for fl32
configure:6036: result: no
configure:6006: checking for af77
configure:6036: result: no
configure:6006: checking for xlf90
configure:6036: result: no
configure:6006: checking for f90
configure:6036: result: no
configure:6006: checking for pgf90
configure:6036: result: no
configure:6006: checking for pghpf
configure:6036: result: no
configure:6006: checking for epcf90
configure:6036: result: no
configure:6006: checking for gfortran
configure:6036: result: no
configure:6006: checking for g95
configure:6036: result: no
configure:6006: checking for xlf95
configure:6036: result: no
configure:6006: checking for f95
configure:6036: result: no
configure:6006: checking for fort
configure:6036: result: no
configure:6006: checking for ifort
configure:6036: result: no
configure:6006: checking for ifc
configure:6036: result: no
configure:6006: checking for efc
configure:6036: result: no
configure:6006: checking for pgf95
configure:6036: result: no
configure:6006: checking for lf95
configure:6036: result: no
configure:6006: checking for ftn
configure:6036: result: no
configure:6063: checking for Fortran 77 compiler version
configure:6070:  --version >&5
./configure: line 6071: --version: command not found
configure:6073: $? = 127
configure:6080:  -v >&5
./configure: line 6081: -v: command not found
configure:6083: $? = 127
configure:6090:  -V >&5
./configure: line 6091: -V: command not found
configure:6093: $? = 127
configure:6101: checking whether we are using the GNU Fortran 77 compiler
configure:6120:  -c  conftest.F >&5
./configure: line 6121: -c: command not found
configure:6126: $? = 127
configure: failed program was:
|       program main
| #ifndef __GNUC__
|        choke me
| #endif
| 
|       end
configure:6143: result: no
configure:6149: checking whether  accepts -g
configure:6166:  -c -g conftest.f >&5
./configure: line 6167: -c: command not found
configure:6172: $? = 127
configure: failed program was:
|       program main
| 
|       end
configure:6188: result: no
configure:6217: checking the maximum length of command line arguments
configure:6329: result: 1572864
configure:6341: checking command to parse /usr/bin/nm -B output from gcc object
configure:6446: gcc -c -g -O2  conftest.c >&5
configure:6449: $? = 0
configure:6453: /usr/bin/nm -B conftest.o \| sed -n -e 's/^.*[ 	]\([ABCDGIRSTW][ABCDGIRSTW]*\)[ 	][ 	]*\([_A-Za-z][_A-Za-z0-9]*\)$/\1 \2 \2/p' \> conftest.nm
configure:6456: $? = 0
configure:6508: gcc -o conftest -g -O2   conftest.c conftstm.o >&5
configure:6511: $? = 0
configure:6549: result: ok
configure:6553: checking for objdir
configure:6568: result: .libs
configure:6660: checking for ar
configure:6676: found /usr/bin/ar
configure:6687: result: ar
configure:6756: checking for ranlib
configure:6772: found /usr/bin/ranlib
configure:6783: result: ranlib
configure:6852: checking for strip
configure:6868: found /usr/bin/strip
configure:6879: result: strip
configure:7477: checking if gcc supports -fno-rtti -fno-exceptions
configure:7495: gcc -c -g -O2  -fno-rtti -fno-exceptions conftest.c >&5
cc1: warning: command line option '-fno-rtti' is valid for C++/ObjC++ but not for C [enabled by default]
configure:7499: $? = 0
configure:7512: result: no
configure:7527: checking for gcc option to produce PIC
configure:7759: result: -fPIC
configure:7767: checking if gcc PIC flag -fPIC works
configure:7785: gcc -c -g -O2  -fPIC -DPIC conftest.c >&5
configure:7789: $? = 0
configure:7802: result: yes
configure:7830: checking if gcc static flag -static works
configure:7858: result: yes
configure:7868: checking if gcc supports -c -o file.o
configure:7889: gcc -c -g -O2  -o out/conftest2.o conftest.c >&5
configure:7893: $? = 0
configure:7915: result: yes
configure:7941: checking whether the gcc linker (/usr/bin/ld -m elf_x86_64) supports shared libraries
configure:8921: result: yes
configure:8942: checking whether -lc should be explicitly linked in
configure:8947: gcc -c -g -O2  conftest.c >&5
configure:8950: $? = 0
configure:8965: gcc -shared conftest.o  -v -Wl,-soname -Wl,conftest -o conftest 2\>\&1 \| grep  -lc  \>/dev/null 2\>\&1
configure:8968: $? = 0
configure:8980: result: no
configure:8988: checking dynamic linker characteristics
configure:9590: result: GNU/Linux ld.so
configure:9614: checking how to hardcode library paths into programs
configure:9639: result: immediate
configure:9653: checking whether stripping libraries is possible
configure:9658: result: yes
configure:10460: checking if libtool supports shared libraries
configure:10462: result: yes
configure:10465: checking whether to build shared libraries
configure:10486: result: yes
configure:10489: checking whether to build static libraries
configure:10493: result: yes
configure:10587: creating libtool
configure:11180: checking for ld used by g++
configure:11247: result: /usr/bin/ld -m elf_x86_64
configure:11256: checking if the linker (/usr/bin/ld -m elf_x86_64) is GNU ld
configure:11271: result: yes
configure:11322: checking whether the g++ linker (/usr/bin/ld -m elf_x86_64) supports shared libraries
configure:12268: result: yes
configure:12285: g++ -c -g -O2  conftest.cpp >&5
configure:12288: $? = 0
configure:12444: checking for g++ option to produce PIC
configure:12728: result: -fPIC
configure:12736: checking if g++ PIC flag -fPIC works
configure:12754: g++ -c -g -O2  -fPIC -DPIC conftest.cpp >&5
configure:12758: $? = 0
configure:12771: result: yes
configure:12799: checking if g++ static flag -static works
configure:12827: result: yes
configure:12837: checking if g++ supports -c -o file.o
configure:12858: g++ -c -g -O2  -o out/conftest2.o conftest.cpp >&5
configure:12862: $? = 0
configure:12884: result: yes
configure:12910: checking whether the g++ linker (/usr/bin/ld -m elf_x86_64) supports shared libraries
configure:12936: result: yes
configure:13003: checking dynamic linker characteristics
configure:13553: result: GNU/Linux ld.so
configure:13577: checking how to hardcode library paths into programs
configure:13602: result: immediate
configure:19825: checking for ANSI C header files
configure:19989: result: yes
configure:20001: checking for an ANSI C-conforming const
configure:20076: gcc -c -g -O2  conftest.c >&5
configure:20082: $? = 0
configure:20097: result: yes
configure:20114: checking for stdlib.h
configure:20120: result: yes
configure:20254: checking for GNU libc compatible malloc
configure:20288: gcc -o conftest -g -O2   conftest.c  >&5
configure:20291: $? = 0
configure:20297: ./conftest
configure:20300: $? = 0
configure:20316: result: yes
configure:20352: checking for atoll
configure:20408: gcc -o conftest -g -O2   conftest.c  >&5
configure:20414: $? = 0
configure:20432: result: yes
configure:20352: checking for seteuid
configure:20408: gcc -o conftest -g -O2   conftest.c  >&5
configure:20414: $? = 0
configure:20432: result: yes
configure:20352: checking for setegid
configure:20408: gcc -o conftest -g -O2   conftest.c  >&5
configure:20414: $? = 0
configure:20432: result: yes
configure:20352: checking for setresuid
configure:20408: gcc -o conftest -g -O2   conftest.c  >&5
configure:20414: $? = 0
configure:20432: result: yes
configure:20352: checking for setresgid
configure:20408: gcc -o conftest -g -O2   conftest.c  >&5
configure:20414: $? = 0
configure:20432: result: yes
configure:20444: checking for struct disk_sysctl.dk_rbytes
configure:20473: gcc -c -g -O2  conftest.c >&5
conftest.c:29:22: fatal error: sys/disk.h: No such file or directory
 #include <sys/disk.h>
                      ^
compilation terminated.
configure:20479: $? = 1
configure: failed program was:
| /* confdefs.h.  */
| #define PACKAGE_NAME "libstatgrab"
| #define PACKAGE_TARNAME "libstatgrab"
| #define PACKAGE_VERSION "0.17"
| #define PACKAGE_STRING "libstatgrab 0.17"
| #define PACKAGE_BUGREPORT "bugs@i-scream.org"
| #define PACKAGE "libstatgrab"
| #define VERSION "0.17"
| #define STDC_HEADERS 1
| #define HAVE_SYS_TYPES_H 1
| #define HAVE_SYS_STAT_H 1
| #define HAVE_STDLIB_H 1
| #define HAVE_STRING_H 1
| #define HAVE_MEMORY_H 1
| #define HAVE_STRINGS_H 1
| #define HAVE_INTTYPES_H 1
| #define HAVE_STDINT_H 1
| #define HAVE_UNISTD_H 1
| #define HAVE_DLFCN_H 1
| #define STDC_HEADERS 1
| #define HAVE_STDLIB_H 1
| #define HAVE_MALLOC 1
| #define HAVE_ATOLL 1
| #define HAVE_SETEUID 1
| #define HAVE_SETEGID 1
| #define HAVE_SETRESUID 1
| #define HAVE_SETRESGID 1
| /* end confdefs.h.  */
| #include <sys/disk.h>
| 
| int
| main ()
| {
| static struct disk_sysctl ac_aggr;
| if (ac_aggr.dk_rbytes)
| return 0;
|   ;
|   return 0;
| }
configure:20513: gcc -c -g -O2  conftest.c >&5
conftest.c:29:22: fatal error: sys/disk.h: No such file or directory
 #include <sys/disk.h>
                      ^
compilation terminated.
configure:20519: $? = 1
configure: failed program was:
| /* confdefs.h.  */
| #define PACKAGE_NAME "libstatgrab"
| #define PACKAGE_TARNAME "libstatgrab"
| #define PACKAGE_VERSION "0.17"
| #define PACKAGE_STRING "libstatgrab 0.17"
| #define PACKAGE_BUGREPORT "bugs@i-scream.org"
| #define PACKAGE "libstatgrab"
| #define VERSION "0.17"
| #define STDC_HEADERS 1
| #define HAVE_SYS_TYPES_H 1
| #define HAVE_SYS_STAT_H 1
| #define HAVE_STDLIB_H 1
| #define HAVE_STRING_H 1
| #define HAVE_MEMORY_H 1
| #define HAVE_STRINGS_H 1
| #define HAVE_INTTYPES_H 1
| #define HAVE_STDINT_H 1
| #define HAVE_UNISTD_H 1
| #define HAVE_DLFCN_H 1
| #define STDC_HEADERS 1
| #define HAVE_STDLIB_H 1
| #define HAVE_MALLOC 1
| #define HAVE_ATOLL 1
| #define HAVE_SETEUID 1
| #define HAVE_SETEGID 1
| #define HAVE_SETRESUID 1
| #define HAVE_SETRESGID 1
| /* end confdefs.h.  */
| #include <sys/disk.h>
| 
| int
| main ()
| {
| static struct disk_sysctl ac_aggr;
| if (sizeof ac_aggr.dk_rbytes)
| return 0;
|   ;
|   return 0;
| }
configure:20537: result: no
configure:20549: checking for struct diskstats.ds_rbytes
configure:20578: gcc -c -g -O2  conftest.c >&5
conftest.c:29:22: fatal error: sys/disk.h: No such file or directory
 #include <sys/disk.h>
                      ^
compilation terminated.
configure:20584: $? = 1
configure: failed program was:
| /* confdefs.h.  */
| #define PACKAGE_NAME "libstatgrab"
| #define PACKAGE_TARNAME "libstatgrab"
| #define PACKAGE_VERSION "0.17"
| #define PACKAGE_STRING "libstatgrab 0.17"
| #define PACKAGE_BUGREPORT "bugs@i-scream.org"
| #define PACKAGE "libstatgrab"
| #define VERSION "0.17"
| #define STDC_HEADERS 1
| #define HAVE_SYS_TYPES_H 1
| #define HAVE_SYS_STAT_H 1
| #define HAVE_STDLIB_H 1
| #define HAVE_STRING_H 1
| #define HAVE_MEMORY_H 1
| #define HAVE_STRINGS_H 1
| #define HAVE_INTTYPES_H 1
| #define HAVE_STDINT_H 1
| #define HAVE_UNISTD_H 1
| #define HAVE_DLFCN_H 1
| #define STDC_HEADERS 1
| #define HAVE_STDLIB_H 1
| #define HAVE_MALLOC 1
| #define HAVE_ATOLL 1
| #define HAVE_SETEUID 1
| #define HAVE_SETEGID 1
| #define HAVE_SETRESUID 1
| #define HAVE_SETRESGID 1
| /* end confdefs.h.  */
| #include <sys/disk.h>
| 
| int
| main ()
| {
| static struct diskstats ac_aggr;
| if (ac_aggr.ds_rbytes)
| return 0;
|   ;
|   return 0;
| }
configure:20618: gcc -c -g -O2  conftest.c >&5
conftest.c:29:22: fatal error: sys/disk.h: No such file or directory
 #include <sys/disk.h>
                      ^
compilation terminated.
configure:20624: $? = 1
configure: failed program was:
| /* confdefs.h.  */
| #define PACKAGE_NAME "libstatgrab"
| #define PACKAGE_TARNAME "libstatgrab"
| #define PACKAGE_VERSION "0.17"
| #define PACKAGE_STRING "libstatgrab 0.17"
| #define PACKAGE_BUGREPORT "bugs@i-scream.org"
| #define PACKAGE "libstatgrab"
| #define VERSION "0.17"
| #define STDC_HEADERS 1
| #define HAVE_SYS_TYPES_H 1
| #define HAVE_SYS_STAT_H 1
| #define HAVE_STDLIB_H 1
| #define HAVE_STRING_H 1
| #define HAVE_MEMORY_H 1
| #define HAVE_STRINGS_H 1
| #define HAVE_INTTYPES_H 1
| #define HAVE_STDINT_H 1
| #define HAVE_UNISTD_H 1
| #define HAVE_DLFCN_H 1
| #define STDC_HEADERS 1
| #define HAVE_STDLIB_H 1
| #define HAVE_MALLOC 1
| #define HAVE_ATOLL 1
| #define HAVE_SETEUID 1
| #define HAVE_SETEGID 1
| #define HAVE_SETRESUID 1
| #define HAVE_SETRESGID 1
| /* end confdefs.h.  */
| #include <sys/disk.h>
| 
| int
| main ()
| {
| static struct diskstats ac_aggr;
| if (sizeof ac_aggr.ds_rbytes)
| return 0;
|   ;
|   return 0;
| }
configure:20642: result: no
configure:20654: checking for struct statvfs.f_fstypename
configure:20683: gcc -c -g -O2  conftest.c >&5
conftest.c: In function 'main':
conftest.c:35:12: error: 'struct statvfs' has no member named 'f_fstypename'
 if (ac_aggr.f_fstypename)
            ^
configure:20689: $? = 1
configure: failed program was:
| /* confdefs.h.  */
| #define PACKAGE_NAME "libstatgrab"
| #define PACKAGE_TARNAME "libstatgrab"
| #define PACKAGE_VERSION "0.17"
| #define PACKAGE_STRING "libstatgrab 0.17"
| #define PACKAGE_BUGREPORT "bugs@i-scream.org"
| #define PACKAGE "libstatgrab"
| #define VERSION "0.17"
| #define STDC_HEADERS 1
| #define HAVE_SYS_TYPES_H 1
| #define HAVE_SYS_STAT_H 1
| #define HAVE_STDLIB_H 1
| #define HAVE_STRING_H 1
| #define HAVE_MEMORY_H 1
| #define HAVE_STRINGS_H 1
| #define HAVE_INTTYPES_H 1
| #define HAVE_STDINT_H 1
| #define HAVE_UNISTD_H 1
| #define HAVE_DLFCN_H 1
| #define STDC_HEADERS 1
| #define HAVE_STDLIB_H 1
| #define HAVE_MALLOC 1
| #define HAVE_ATOLL 1
| #define HAVE_SETEUID 1
| #define HAVE_SETEGID 1
| #define HAVE_SETRESUID 1
| #define HAVE_SETRESGID 1
| /* end confdefs.h.  */
| #include <sys/statvfs.h>
| 
| int
| main ()
| {
| static struct statvfs ac_aggr;
| if (ac_aggr.f_fstypename)
| return 0;
|   ;
|   return 0;
| }
configure:20723: gcc -c -g -O2  conftest.c >&5
conftest.c: In function 'main':
conftest.c:35:19: error: 'struct statvfs' has no member named 'f_fstypename'
 if (sizeof ac_aggr.f_fstypename)
                   ^
configure:20729: $? = 1
configure: failed program was:
| /* confdefs.h.  */
| #define PACKAGE_NAME "libstatgrab"
| #define PACKAGE_TARNAME "libstatgrab"
| #define PACKAGE_VERSION "0.17"
| #define PACKAGE_STRING "libstatgrab 0.17"
| #define PACKAGE_BUGREPORT "bugs@i-scream.org"
| #define PACKAGE "libstatgrab"
| #define VERSION "0.17"
| #define STDC_HEADERS 1
| #define HAVE_SYS_TYPES_H 1
| #define HAVE_SYS_STAT_H 1
| #define HAVE_STDLIB_H 1
| #define HAVE_STRING_H 1
| #define HAVE_MEMORY_H 1
| #define HAVE_STRINGS_H 1
| #define HAVE_INTTYPES_H 1
| #define HAVE_STDINT_H 1
| #define HAVE_UNISTD_H 1
| #define HAVE_DLFCN_H 1
| #define STDC_HEADERS 1
| #define HAVE_STDLIB_H 1
| #define HAVE_MALLOC 1
| #define HAVE_ATOLL 1
| #define HAVE_SETEUID 1
| #define HAVE_SETEGID 1
| #define HAVE_SETRESUID 1
| #define HAVE_SETRESGID 1
| /* end confdefs.h.  */
| #include <sys/statvfs.h>
| 
| int
| main ()
| {
| static struct statvfs ac_aggr;
| if (sizeof ac_aggr.f_fstypename)
| return 0;
|   ;
|   return 0;
| }
configure:20747: result: no
configure:20759: checking for struct utmpx.ut_type
configure:20788: gcc -c -g -O2  conftest.c >&5
configure:20794: $? = 0
configure:20852: result: yes
configure:20879: checking sys/loadavg.h usability
configure:20896: gcc -c -g -O2  conftest.c >&5
conftest.c:63:25: fatal error: sys/loadavg.h: No such file or directory
 #include <sys/loadavg.h>
                         ^
compilation terminated.
configure:20902: $? = 1
configure: failed program was:
| /* confdefs.h.  */
| #define PACKAGE_NAME "libstatgrab"
| #define PACKAGE_TARNAME "libstatgrab"
| #define PACKAGE_VERSION "0.17"
| #define PACKAGE_STRING "libstatgrab 0.17"
| #define PACKAGE_BUGREPORT "bugs@i-scream.org"
| #define PACKAGE "libstatgrab"
| #define VERSION "0.17"
| #define STDC_HEADERS 1
| #define HAVE_SYS_TYPES_H 1
| #define HAVE_SYS_STAT_H 1
| #define HAVE_STDLIB_H 1
| #define HAVE_STRING_H 1
| #define HAVE_MEMORY_H 1
| #define HAVE_STRINGS_H 1
| #define HAVE_INTTYPES_H 1
| #define HAVE_STDINT_H 1
| #define HAVE_UNISTD_H 1
| #define HAVE_DLFCN_H 1
| #define STDC_HEADERS 1
| #define HAVE_STDLIB_H 1
| #define HAVE_MALLOC 1
| #define HAVE_ATOLL 1
| #define HAVE_SETEUID 1
| #define HAVE_SETEGID 1
| #define HAVE_SETRESUID 1
| #define HAVE_SETRESGID 1
| #define HAVE_UTMPX
| /* end confdefs.h.  */
| #include <stdio.h>
| #ifdef HAVE_SYS_TYPES_H
| # include <sys/types.h>
| #endif
| #ifdef HAVE_SYS_STAT_H
| # include <sys/stat.h>
| #endif
| #ifdef STDC_HEADERS
| # include <stdlib.h>
| # include <stddef.h>
| #else
| # ifdef HAVE_STDLIB_H
| #  include <stdlib.h>
| # endif
| #endif
| #ifdef HAVE_STRING_H
| # if !defined STDC_HEADERS && defined HAVE_MEMORY_H
| #  include <memory.h>
| # endif
| # include <string.h>
| #endif
| #ifdef HAVE_STRINGS_H
| # include <strings.h>
| #endif
| #ifdef HAVE_INTTYPES_H
| # include <inttypes.h>
| #endif
| #ifdef HAVE_STDINT_H
| # include <stdint.h>
| #endif
| #ifdef HAVE_UNISTD_H
| # include <unistd.h>
| #endif
| #include <sys/loadavg.h>
configure:20916: result: no
configure:20920: checking sys/loadavg.h presence
configure:20935: gcc -E  conftest.c
conftest.c:30:25: fatal error: sys/loadavg.h: No such file or directory
 #include <sys/loadavg.h>
                         ^
compilation terminated.
configure:20941: $? = 1
configure: failed program was:
| /* confdefs.h.  */
| #define PACKAGE_NAME "libstatgrab"
| #define PACKAGE_TARNAME "libstatgrab"
| #define PACKAGE_VERSION "0.17"
| #define PACKAGE_STRING "libstatgrab 0.17"
| #define PACKAGE_BUGREPORT "bugs@i-scream.org"
| #define PACKAGE "libstatgrab"
| #define VERSION "0.17"
| #define STDC_HEADERS 1
| #define HAVE_SYS_TYPES_H 1
| #define HAVE_SYS_STAT_H 1
| #define HAVE_STDLIB_H 1
| #define HAVE_STRING_H 1
| #define HAVE_MEMORY_H 1
| #define HAVE_STRINGS_H 1
| #define HAVE_INTTYPES_H 1
| #define HAVE_STDINT_H 1
| #define HAVE_UNISTD_H 1
| #define HAVE_DLFCN_H 1
| #define STDC_HEADERS 1
| #define HAVE_STDLIB_H 1
| #define HAVE_MALLOC 1
| #define HAVE_ATOLL 1
| #define HAVE_SETEUID 1
| #define HAVE_SETEGID 1
| #define HAVE_SETRESUID 1
| #define HAVE_SETRESGID 1
| #define HAVE_UTMPX
| /* end confdefs.h.  */
| #include <sys/loadavg.h>
configure:20955: result: no
configure:20988: checking for sys/loadavg.h
configure:20996: result: no
configure:21026: checking libdevinfo.h usability
configure:21043: gcc -c -g -O2  conftest.c >&5
conftest.c:63:24: fatal error: libdevinfo.h: No such file or directory
 #include <libdevinfo.h>
                        ^
compilation terminated.
configure:21049: $? = 1
configure: failed program was:
| /* confdefs.h.  */
| #define PACKAGE_NAME "libstatgrab"
| #define PACKAGE_TARNAME "libstatgrab"
| #define PACKAGE_VERSION "0.17"
| #define PACKAGE_STRING "libstatgrab 0.17"
| #define PACKAGE_BUGREPORT "bugs@i-scream.org"
| #define PACKAGE "libstatgrab"
| #define VERSION "0.17"
| #define STDC_HEADERS 1
| #define HAVE_SYS_TYPES_H 1
| #define HAVE_SYS_STAT_H 1
| #define HAVE_STDLIB_H 1
| #define HAVE_STRING_H 1
| #define HAVE_MEMORY_H 1
| #define HAVE_STRINGS_H 1
| #define HAVE_INTTYPES_H 1
| #define HAVE_STDINT_H 1
| #define HAVE_UNISTD_H 1
| #define HAVE_DLFCN_H 1
| #define STDC_HEADERS 1
| #define HAVE_STDLIB_H 1
| #define HAVE_MALLOC 1
| #define HAVE_ATOLL 1
| #define HAVE_SETEUID 1
| #define HAVE_SETEGID 1
| #define HAVE_SETRESUID 1
| #define HAVE_SETRESGID 1
| #define HAVE_UTMPX
| /* end confdefs.h.  */
| #include <stdio.h>
| #ifdef HAVE_SYS_TYPES_H
| # include <sys/types.h>
| #endif
| #ifdef HAVE_SYS_STAT_H
| # include <sys/stat.h>
| #endif
| #ifdef STDC_HEADERS
| # include <stdlib.h>
| # include <stddef.h>
| #else
| # ifdef HAVE_STDLIB_H
| #  include <stdlib.h>
| # endif
| #endif
| #ifdef HAVE_STRING_H
| # if !defined STDC_HEADERS && defined HAVE_MEMORY_H
| #  include <memory.h>
| # endif
| # include <string.h>
| #endif
| #ifdef HAVE_STRINGS_H
| # include <strings.h>
| #endif
| #ifdef HAVE_INTTYPES_H
| # include <inttypes.h>
| #endif
| #ifdef HAVE_STDINT_H
| # include <stdint.h>
| #endif
| #ifdef HAVE_UNISTD_H
| # include <unistd.h>
| #endif
| #include <libdevinfo.h>
configure:21063: result: no
configure:21067: checking libdevinfo.h presence
configure:21082: gcc -E  conftest.c
conftest.c:30:24: fatal error: libdevinfo.h: No such file or directory
 #include <libdevinfo.h>
                        ^
compilation terminated.
configure:21088: $? = 1
configure: failed program was:
| /* confdefs.h.  */
| #define PACKAGE_NAME "libstatgrab"
| #define PACKAGE_TARNAME "libstatgrab"
| #define PACKAGE_VERSION "0.17"
| #define PACKAGE_STRING "libstatgrab 0.17"
| #define PACKAGE_BUGREPORT "bugs@i-scream.org"
| #define PACKAGE "libstatgrab"
| #define VERSION "0.17"
| #define STDC_HEADERS 1
| #define HAVE_SYS_TYPES_H 1
| #define HAVE_SYS_STAT_H 1
| #define HAVE_STDLIB_H 1
| #define HAVE_STRING_H 1
| #define HAVE_MEMORY_H 1
| #define HAVE_STRINGS_H 1
| #define HAVE_INTTYPES_H 1
| #define HAVE_STDINT_H 1
| #define HAVE_UNISTD_H 1
| #define HAVE_DLFCN_H 1
| #define STDC_HEADERS 1
| #define HAVE_STDLIB_H 1
| #define HAVE_MALLOC 1
| #define HAVE_ATOLL 1
| #define HAVE_SETEUID 1
| #define HAVE_SETEGID 1
| #define HAVE_SETRESUID 1
| #define HAVE_SETRESGID 1
| #define HAVE_UTMPX
| /* end confdefs.h.  */
| #include <libdevinfo.h>
configure:21102: result: no
configure:21135: checking for libdevinfo.h
configure:21143: result: no
configure:21960: checking for working ncurses - ncurses.h
configure:21988: gcc -o conftest -g -O2    conftest.c   -lncurses >&5
conftest.c:31:21: fatal error: ncurses.h: No such file or directory
 #include <ncurses.h>
                     ^
compilation terminated.
configure:21994: $? = 1
configure: failed program was:
| /* confdefs.h.  */
| #define PACKAGE_NAME "libstatgrab"
| #define PACKAGE_TARNAME "libstatgrab"
| #define PACKAGE_VERSION "0.17"
| #define PACKAGE_STRING "libstatgrab 0.17"
| #define PACKAGE_BUGREPORT "bugs@i-scream.org"
| #define PACKAGE "libstatgrab"
| #define VERSION "0.17"
| #define STDC_HEADERS 1
| #define HAVE_SYS_TYPES_H 1
| #define HAVE_SYS_STAT_H 1
| #define HAVE_STDLIB_H 1
| #define HAVE_STRING_H 1
| #define HAVE_MEMORY_H 1
| #define HAVE_STRINGS_H 1
| #define HAVE_INTTYPES_H 1
| #define HAVE_STDINT_H 1
| #define HAVE_UNISTD_H 1
| #define HAVE_DLFCN_H 1
| #define STDC_HEADERS 1
| #define HAVE_STDLIB_H 1
| #define HAVE_MALLOC 1
| #define HAVE_ATOLL 1
| #define HAVE_SETEUID 1
| #define HAVE_SETEGID 1
| #define HAVE_SETRESUID 1
| #define HAVE_SETRESGID 1
| #define HAVE_UTMPX
| #define LINUX
| /* end confdefs.h.  */
| #include <ncurses.h>
| int
| main ()
| {
| chtype a; int b=A_STANDOUT, c=KEY_LEFT; initscr();
|   ;
|   return 0;
| }
configure:22011: result: no
configure:22025: checking for working ncurses - ncurses/ncurses.h
configure:22053: gcc -o conftest -g -O2    conftest.c   -lncurses >&5
conftest.c:31:29: fatal error: ncurses/ncurses.h: No such file or directory
 #include <ncurses/ncurses.h>
                             ^
compilation terminated.
configure:22059: $? = 1
configure: failed program was:
| /* confdefs.h.  */
| #define PACKAGE_NAME "libstatgrab"
| #define PACKAGE_TARNAME "libstatgrab"
| #define PACKAGE_VERSION "0.17"
| #define PACKAGE_STRING "libstatgrab 0.17"
| #define PACKAGE_BUGREPORT "bugs@i-scream.org"
| #define PACKAGE "libstatgrab"
| #define VERSION "0.17"
| #define STDC_HEADERS 1
| #define HAVE_SYS_TYPES_H 1
| #define HAVE_SYS_STAT_H 1
| #define HAVE_STDLIB_H 1
| #define HAVE_STRING_H 1
| #define HAVE_MEMORY_H 1
| #define HAVE_STRINGS_H 1
| #define HAVE_INTTYPES_H 1
| #define HAVE_STDINT_H 1
| #define HAVE_UNISTD_H 1
| #define HAVE_DLFCN_H 1
| #define STDC_HEADERS 1
| #define HAVE_STDLIB_H 1
| #define HAVE_MALLOC 1
| #define HAVE_ATOLL 1
| #define HAVE_SETEUID 1
| #define HAVE_SETEGID 1
| #define HAVE_SETRESUID 1
| #define HAVE_SETRESGID 1
| #define HAVE_UTMPX
| #define LINUX
| /* end confdefs.h.  */
| #include <ncurses/ncurses.h>
| int
| main ()
| {
| chtype a; int b=A_STANDOUT, c=KEY_LEFT; initscr();
|   ;
|   return 0;
| }
configure:22076: result: no
configure:22095: checking for working curses
configure:22123: gcc -o conftest -g -O2    conftest.c   -lcurses >&5
conftest.c:31:20: fatal error: curses.h: No such file or directory
 #include <curses.h>
                    ^
compilation terminated.
configure:22129: $? = 1
configure: failed program was:
| /* confdefs.h.  */
| #define PACKAGE_NAME "libstatgrab"
| #define PACKAGE_TARNAME "libstatgrab"
| #define PACKAGE_VERSION "0.17"
| #define PACKAGE_STRING "libstatgrab 0.17"
| #define PACKAGE_BUGREPORT "bugs@i-scream.org"
| #define PACKAGE "libstatgrab"
| #define VERSION "0.17"
| #define STDC_HEADERS 1
| #define HAVE_SYS_TYPES_H 1
| #define HAVE_SYS_STAT_H 1
| #define HAVE_STDLIB_H 1
| #define HAVE_STRING_H 1
| #define HAVE_MEMORY_H 1
| #define HAVE_STRINGS_H 1
| #define HAVE_INTTYPES_H 1
| #define HAVE_STDINT_H 1
| #define HAVE_UNISTD_H 1
| #define HAVE_DLFCN_H 1
| #define STDC_HEADERS 1
| #define HAVE_STDLIB_H 1
| #define HAVE_MALLOC 1
| #define HAVE_ATOLL 1
| #define HAVE_SETEUID 1
| #define HAVE_SETEGID 1
| #define HAVE_SETRESUID 1
| #define HAVE_SETRESGID 1
| #define HAVE_UTMPX
| #define LINUX
| /* end confdefs.h.  */
| #include <curses.h>
| int
| main ()
| {
| chtype a; int b=A_STANDOUT, c=KEY_LEFT; initscr();
|   ;
|   return 0;
| }
configure:22146: result: no
configure:22164: WARNING: Unable to find curses or ncurses; disabling saidar
configure:22589: creating ./config.status

## ---------------------- ##
## Running config.status. ##
## ---------------------- ##

This file was extended by libstatgrab config.status 0.17, which was
generated by GNU Autoconf 2.61.  Invocation command line was

  CONFIG_FILES    = 
  CONFIG_HEADERS  = 
  CONFIG_LINKS    = 
  CONFIG_COMMANDS = 
  $ ./config.status 

on ercostexpa-21

config.status:698: creating Makefile
config.status:698: creating src/Makefile
config.status:698: creating src/libstatgrab/Makefile
config.status:698: creating src/statgrab/Makefile
config.status:698: creating docs/Makefile
config.status:698: creating docs/libstatgrab/Makefile
config.status:698: creating docs/statgrab/Makefile
config.status:698: creating docs/saidar/Makefile
config.status:698: creating examples/Makefile
config.status:698: creating libstatgrab.pc
config.status:698: creating src/statgrab/statgrab-make-mrtg-config
config.status:698: creating src/statgrab/statgrab-make-mrtg-index
config.status:698: creating src/saidar/Makefile
config.status:698: creating config.h
config.status:982: executing depfiles commands

## ---------------- ##
## Cache variables. ##
## ---------------- ##

ac_cv_build=x86_64-unknown-linux-gnu
ac_cv_c_compiler_gnu=yes
ac_cv_c_const=yes
ac_cv_cxx_compiler_gnu=yes
ac_cv_env_CCC_set=
ac_cv_env_CCC_value=
ac_cv_env_CC_set=
ac_cv_env_CC_value=
ac_cv_env_CFLAGS_set=
ac_cv_env_CFLAGS_value=
ac_cv_env_CPPFLAGS_set=
ac_cv_env_CPPFLAGS_value=
ac_cv_env_CPP_set=
ac_cv_env_CPP_value=
ac_cv_env_CXXCPP_set=
ac_cv_env_CXXCPP_value=
ac_cv_env_CXXFLAGS_set=
ac_cv_env_CXXFLAGS_value=
ac_cv_env_CXX_set=
ac_cv_env_CXX_value=
ac_cv_env_F77_set=
ac_cv_env_F77_value=
ac_cv_env_FFLAGS_set=
ac_cv_env_FFLAGS_value=
ac_cv_env_LDFLAGS_set=
ac_cv_env_LDFLAGS_value=
ac_cv_env_LIBS_set=
ac_cv_env_LIBS_value=
ac_cv_env_build_alias_set=
ac_cv_env_build_alias_value=
ac_cv_env_host_alias_set=
ac_cv_env_host_alias_value=
ac_cv_env_target_alias_set=
ac_cv_env_target_alias_value=
ac_cv_f77_compiler_gnu=no
ac_cv_func_atoll=yes
ac_cv_func_malloc_0_nonnull=yes
ac_cv_func_setegid=yes
ac_cv_func_seteuid=yes
ac_cv_func_setresgid=yes
ac_cv_func_setresuid=yes
ac_cv_header_dlfcn_h=yes
ac_cv_header_inttypes_h=yes
ac_cv_header_libdevinfo_h=no
ac_cv_header_memory_h=yes
ac_cv_header_stdc=yes
ac_cv_header_stdint_h=yes
ac_cv_header_stdlib_h=yes
ac_cv_header_string_h=yes
ac_cv_header_strings_h=yes
ac_cv_header_sys_loadavg_h=no
ac_cv_header_sys_stat_h=yes
ac_cv_header_sys_types_h=yes
ac_cv_header_unistd_h=yes
ac_cv_host=x86_64-unknown-linux-gnu
ac_cv_member_struct_disk_sysctl_dk_rbytes=no
ac_cv_member_struct_diskstats_ds_rbytes=no
ac_cv_member_struct_statvfs_f_fstypename=no
ac_cv_member_struct_utmpx_ut_type=yes
ac_cv_objext=o
ac_cv_path_EGREP='/bin/grep -E'
ac_cv_path_GREP=/bin/grep
ac_cv_path_install='/usr/bin/install -c'
ac_cv_path_mkdir=/bin/mkdir
ac_cv_prog_AWK=gawk
ac_cv_prog_CPP='gcc -E'
ac_cv_prog_CXXCPP='g++ -E'
ac_cv_prog_ac_ct_AR=ar
ac_cv_prog_ac_ct_CC=gcc
ac_cv_prog_ac_ct_CXX=g++
ac_cv_prog_ac_ct_RANLIB=ranlib
ac_cv_prog_ac_ct_STRIP=strip
ac_cv_prog_cc_c89=
ac_cv_prog_cc_g=yes
ac_cv_prog_cxx_g=yes
ac_cv_prog_f77_g=no
ac_cv_prog_make_make_set=yes
am_cv_CC_dependencies_compiler_type=gcc3
am_cv_CXX_dependencies_compiler_type=gcc3
lt_cv_deplibs_check_method=pass_all
lt_cv_file_magic_cmd='$MAGIC_CMD'
lt_cv_file_magic_test_file=
lt_cv_ld_reload_flag=-r
lt_cv_objdir=.libs
lt_cv_path_LD=/usr/bin/ld
lt_cv_path_LDCXX='/usr/bin/ld -m elf_x86_64'
lt_cv_path_NM='/usr/bin/nm -B'
lt_cv_path_SED=/bin/sed
lt_cv_prog_compiler_c_o=yes
lt_cv_prog_compiler_c_o_CXX=yes
lt_cv_prog_compiler_pic_works=yes
lt_cv_prog_compiler_pic_works_CXX=yes
lt_cv_prog_compiler_rtti_exceptions=no
lt_cv_prog_compiler_static_works=yes
lt_cv_prog_compiler_static_works_CXX=yes
lt_cv_prog_gnu_ld=yes
lt_cv_prog_gnu_ldcxx=yes
lt_cv_sys_global_symbol_pipe='sed -n -e '\''s/^.*[ 	]\([ABCDGIRSTW][ABCDGIRSTW]*\)[ 	][ 	]*\([_A-Za-z][_A-Za-z0-9]*\)$/\1 \2 \2/p'\'''
lt_cv_sys_global_symbol_to_c_name_address='sed -n -e '\''s/^: \([^ ]*\) $/  {\"\1\", (lt_ptr) 0},/p'\'' -e '\''s/^[BCDEGRST] \([^ ]*\) \([^ ]*\)$/  {"\2", (lt_ptr) \&\2},/p'\'''
lt_cv_sys_global_symbol_to_cdecl='sed -n -e '\''s/^. .* \(.*\)$/extern int \1;/p'\'''
lt_cv_sys_lib_dlsearch_path_spec='/lib /usr/lib /usr/lib/x86_64-linux-gnu/libfakeroot /usr/local/lib /lib/x86_64-linux-gnu /usr/lib/x86_64-linux-gnu '
lt_cv_sys_lib_search_path_spec='/usr/lib/gcc/x86_64-linux-gnu/4.8 /usr/lib/x86_64-linux-gnu /usr/lib /lib/x86_64-linux-gnu /lib'
lt_cv_sys_max_cmd_len=1572864
lt_lt_cv_prog_compiler_c_o='"yes"'
lt_lt_cv_prog_compiler_c_o_CXX='"yes"'
lt_lt_cv_sys_global_symbol_pipe='"sed -n -e '\''s/^.*[ 	]\\([ABCDGIRSTW][ABCDGIRSTW]*\\)[ 	][ 	]*\\([_A-Za-z][_A-Za-z0-9]*\\)\$/\\1 \\2 \\2/p'\''"'
lt_lt_cv_sys_global_symbol_to_c_name_address='"sed -n -e '\''s/^: \\([^ ]*\\) \$/  {\\\"\\1\\\", (lt_ptr) 0},/p'\'' -e '\''s/^[BCDEGRST] \\([^ ]*\\) \\([^ ]*\\)\$/  {\"\\2\", (lt_ptr) \\&\\2},/p'\''"'
lt_lt_cv_sys_global_symbol_to_cdecl='"sed -n -e '\''s/^. .* \\(.*\\)\$/extern int \\1;/p'\''"'
mp_cv_curses=no
mp_cv_ncurses1=no
mp_cv_ncurses2=no

## ----------------- ##
## Output variables. ##
## ----------------- ##

ACLOCAL='${SHELL} /home/ubuntu/ercost/core/src/libstatgrab-0.17/missing --run aclocal-1.10'
AMDEPBACKSLASH='\'
AMDEP_FALSE='#'
AMDEP_TRUE=''
AMTAR='${SHELL} /home/ubuntu/ercost/core/src/libstatgrab-0.17/missing --run tar'
AR='ar'
AUTOCONF='${SHELL} /home/ubuntu/ercost/core/src/libstatgrab-0.17/missing --run autoconf'
AUTOHEADER='${SHELL} /home/ubuntu/ercost/core/src/libstatgrab-0.17/missing --run autoheader'
AUTOMAKE='${SHELL} /home/ubuntu/ercost/core/src/libstatgrab-0.17/missing --run automake-1.10'
AWK='gawk'
BIN_GROUP=''
BIN_OWNER='root'
BIN_PERM='4755'
CC='gcc'
CCDEPMODE='depmode=gcc3'
CFLAGS='-g -O2'
CPP='gcc -E'
CPPFLAGS=''
CXX='g++'
CXXCPP='g++ -E'
CXXDEPMODE='depmode=gcc3'
CXXFLAGS='-g -O2'
CYGPATH_W='echo'
DEFS='-DHAVE_CONFIG_H'
DEPDIR='.deps'
DEPRECATED_FALSE='#'
DEPRECATED_TRUE=''
DSYMUTIL=''
ECHO='echo'
ECHO_C=''
ECHO_N='-n'
ECHO_T=''
EGREP='/bin/grep -E'
EXAMPLES_FALSE='#'
EXAMPLES_TRUE=''
EXEEXT=''
F77=''
FFLAGS=''
GREP='/bin/grep'
INSTALL_DATA='${INSTALL} -m 644'
INSTALL_PROGRAM='${INSTALL}'
INSTALL_SCRIPT='${INSTALL}'
INSTALL_STRIP_PROGRAM='$(install_sh) -c -s'
LDFLAGS=''
LIBOBJS=''
LIBS=''
LIBTOOL='$(SHELL) $(top_builddir)/libtool'
LINKFLAGS=''
LN_S='ln -s'
LTLIBOBJS=''
MAKEINFO='${SHELL} /home/ubuntu/ercost/core/src/libstatgrab-0.17/missing --run makeinfo'
MANPAGES_FALSE='#'
MANPAGES_TRUE=''
MINGW_FALSE=''
MINGW_TRUE='#'
NMEDIT=''
OBJEXT='o'
PACKAGE='libstatgrab'
PACKAGE_BUGREPORT='bugs@i-scream.org'
PACKAGE_NAME='libstatgrab'
PACKAGE_STRING='libstatgrab 0.17'
PACKAGE_TARNAME='libstatgrab'
PACKAGE_VERSION='0.17'
PATH_SEPARATOR=':'
RANLIB='ranlib'
SAIDARCPPFLAGS=''
SAIDARLIBS=' '
SAIDAR_FALSE=''
SAIDAR_TRUE='#'
SED='/bin/sed'
SETGIDBINS_FALSE=''
SETGIDBINS_TRUE='#'
SETUIDBINS_FALSE='#'
SETUIDBINS_TRUE=''
SET_MAKE=''
SHELL='/bin/bash'
STATGRAB_FALSE='#'
STATGRAB_TRUE=''
STRIP='strip'
VERSION='0.17'
ac_ct_CC='gcc'
ac_ct_CXX='g++'
ac_ct_F77=''
am__fastdepCC_FALSE='#'
am__fastdepCC_TRUE=''
am__fastdepCXX_FALSE='#'
am__fastdepCXX_TRUE=''
am__include='include'
am__isrc=''
am__leading_dot='.'
am__quote=''
am__tar='${AMTAR} chof - "$$tardir"'
am__untar='${AMTAR} xf -'
bindir='${exec_prefix}/bin'
build='x86_64-unknown-linux-gnu'
build_alias=''
build_cpu='x86_64'
build_os='linux-gnu'
build_vendor='unknown'
datadir='${datarootdir}'
datarootdir='${prefix}/share'
docdir='${datarootdir}/doc/${PACKAGE_TARNAME}'
dvidir='${docdir}'
exec_prefix='${prefix}'
host='x86_64-unknown-linux-gnu'
host_alias=''
host_cpu='x86_64'
host_os='linux-gnu'
host_vendor='unknown'
htmldir='${docdir}'
includedir='${prefix}/include'
infodir='${datarootdir}/info'
install_sh='$(SHELL) /home/ubuntu/ercost/core/src/libstatgrab-0.17/install-sh'
libdir='${exec_prefix}/lib'
libexecdir='${exec_prefix}/libexec'
localedir='${datarootdir}/locale'
localstatedir='${prefix}/var'
mandir='${datarootdir}/man'
mkdir_p='/bin/mkdir -p'
oldincludedir='/usr/include'
pdfdir='${docdir}'
prefix='/usr/local'
program_transform_name='s,x,x,'
psdir='${docdir}'
sbindir='${exec_prefix}/sbin'
sharedstatedir='${prefix}/com'
sysconfdir='${prefix}/etc'
target_alias=''

## ----------- ##
## confdefs.h. ##
## ----------- ##

#define PACKAGE_NAME "libstatgrab"
#define PACKAGE_TARNAME "libstatgrab"
#define PACKAGE_VERSION "0.17"
#define PACKAGE_STRING "libstatgrab 0.17"
#define PACKAGE_BUGREPORT "bugs@i-scream.org"
#define PACKAGE "libstatgrab"
#define VERSION "0.17"
#define STDC_HEADERS 1
#define HAVE_SYS_TYPES_H 1
#define HAVE_SYS_STAT_H 1
#define HAVE_STDLIB_H 1
#define HAVE_STRING_H 1
#define HAVE_MEMORY_H 1
#define HAVE_STRINGS_H 1
#define HAVE_INTTYPES_H 1
#define HAVE_STDINT_H 1
#define HAVE_UNISTD_H 1
#define HAVE_DLFCN_H 1
#define STDC_HEADERS 1
#define HAVE_STDLIB_H 1
#define HAVE_MALLOC 1
#define HAVE_ATOLL 1
#define HAVE_SETEUID 1
#define HAVE_SETEGID 1
#define HAVE_SETRESUID 1
#define HAVE_SETRESGID 1
#define HAVE_UTMPX
#define LINUX

configure: exit 0
